<?xml version="1.0" encoding="UTF-8"?>
<!-- Generated by org.testng.reporters.JUnitXMLReporter -->
<testsuite ignored="0" hostname="DESKTOP-B1SBRCM" failures="1" tests="15" name="gtpl" time="69.49" errors="0" timestamp="2022-02-18T17:33:50 IST">
  <testcase classname="login.Gtpltest" name="DispalyUserid" time="0.383"/>
  <testcase classname="login.Gtpltest" name="checkTheUrl" time="0.024"/>
  <testcase classname="login.Gtpltest" name="invalidPassworduserid" time="1.355"/>
  <testcase classname="login.Gtpltest" name="invalidPasswordvaliduserid" time="2.897"/>
  <testcase classname="login.Gtpltest" name="Displaypassword" time="1.433"/>
  <testcase classname="login.Gtpltest" name="DispalyLoginButton" time="0.239"/>
  <testcase classname="login.Gtpltest" name="DisplayReset" time="0.087"/>
  <testcase classname="login.Gtpltest" name="Mandatoryfield" time="0.193"/>
  <testcase classname="login.Gtpltest" name="ResetFunction" time="0.738"/>
  <testcase classname="login.Gtpltest" name="validPasswordinvaliduserid" time="1.289"/>
  <testcase classname="login.Gtpltest" name="user" time="1.729"/>
  <testcase classname="login.Gtpltest" name="passWord" time="7.439"/>
  <testcase classname="login.Gtpltest" name="TitlePage" time="0.014"/>
  <testcase classname="login.Gtpltest" name="DisplayMangerpage" time="0.949"/>
  <testcase classname="login.Gtpltest" name="logout" time="20.349">
    <failure type="org.openqa.selenium.TimeoutException" message="Expected condition failed: waiting for visibility of element located by By.partialLinkText: Logout (tried for 20 second(s) with 500 milliseconds interval)">
      <![CDATA[org.openqa.selenium.TimeoutException: Expected condition failed: waiting for visibility of element located by By.partialLinkText: Logout (tried for 20 second(s) with 500 milliseconds interval)
at org.openqa.selenium.support.ui.WebDriverWait.timeoutException(WebDriverWait.java:95)
at org.openqa.selenium.support.ui.FluentWait.until(FluentWait.java:272)
at login.Mangerpage.logout(Mangerpage.java:71)
at login.Gtpltest.logout(Gtpltest.java:107)
at java.base/java.util.ArrayList.forEach(ArrayList.java:1511)
Caused by: org.openqa.selenium.NoSuchElementException: no such element: Unable to locate element: {"method":"partial link text","selector":"Logout"}
  (Session info: chrome=98.0.4758.102)
For documentation on this error, please visit: https://www.seleniumhq.org/exceptions/no_such_element.html
Build info: version: '3.141.59', revision: 'e82be7d358', time: '2018-11-14T08:17:03'
System info: host: 'DESKTOP-B1SBRCM', ip: '192.168.0.108', os.name: 'Windows 10', os.arch: 'amd64', os.version: '10.0', java.version: '17.0.1'
Driver info: org.openqa.selenium.chrome.ChromeDriver
Capabilities {acceptInsecureCerts: false, browserName: chrome, browserVersion: 98.0.4758.102, chrome: {chromedriverVersion: 98.0.4758.102 (273bf7ac8c90..., userDataDir: C:\Users\lenovo\AppData\Loc...}, goog:chromeOptions: {debuggerAddress: localhost:65174}, javascriptEnabled: true, networkConnectionEnabled: false, pageLoadStrategy: normal, platform: WINDOWS, platformName: WINDOWS, proxy: Proxy(), setWindowRect: true, strictFileInteractability: false, timeouts: {implicit: 0, pageLoad: 300000, script: 30000}, unhandledPromptBehavior: dismiss and notify, webauthn:extension:credBlob: true, webauthn:extension:largeBlob: true, webauthn:virtualAuthenticators: true}
Session ID: d41478eefb12b4e42cb37a3e6ecbca40
*** Element info: {Using=partial link text, value=Logout}
at org.openqa.selenium.remote.http.W3CHttpResponseCodec.createException(W3CHttpResponseCodec.java:187)
at org.openqa.selenium.remote.http.W3CHttpResponseCodec.decode(W3CHttpResponseCodec.java:122)
at org.openqa.selenium.remote.http.W3CHttpResponseCodec.decode(W3CHttpResponseCodec.java:49)
at org.openqa.selenium.remote.HttpCommandExecutor.execute(HttpCommandExecutor.java:158)
at org.openqa.selenium.remote.service.DriverCommandExecutor.execute(DriverCommandExecutor.java:83)
at org.openqa.selenium.remote.RemoteWebDriver.execute(RemoteWebDriver.java:552)
at org.openqa.selenium.remote.RemoteWebDriver.findElement(RemoteWebDriver.java:323)
at org.openqa.selenium.remote.RemoteWebDriver.findElementByPartialLinkText(RemoteWebDriver.java:388)
at org.openqa.selenium.By$ByPartialLinkText.findElement(By.java:250)
at org.openqa.selenium.remote.RemoteWebDriver.findElement(RemoteWebDriver.java:315)
at org.openqa.selenium.support.ui.ExpectedConditions$7.apply(ExpectedConditions.java:205)
at org.openqa.selenium.support.ui.ExpectedConditions$7.apply(ExpectedConditions.java:201)
at org.openqa.selenium.support.ui.FluentWait.until(FluentWait.java:249)
... 30 more
... Removed 31 stack frames]]>
    </failure>
  </testcase> <!-- logout -->
</testsuite> <!-- gtpl -->
